app/build/intermediates/manifest_merge_blame_file/debug/manifest-merger-blame-debug-report.txt
1<?xml version="1.0" encoding="utf-8"?>
2<manifest xmlns:android="http://schemas.android.com/apk/res/android"
3    package="hou.duogwas.onthigplxa1"
4    android:versionCode="1"
5    android:versionName="1.0" >
6
7    <uses-sdk
8        android:minSdkVersion="28"
8-->src\main\AndroidManifest.xml
9        android:targetSdkVersion="31" />
9-->src\main\AndroidManifest.xml
10
11    <uses-permission android:name="android.permission.ACCESS_NETWORK_STATE" />
11-->src\main\AndroidManifest.xml:5:5-79
11-->src\main\AndroidManifest.xml:5:22-76
12    <uses-permission android:name="android.permission.ACCESS_WIFI_STATE" />
12-->src\main\AndroidManifest.xml:6:5-76
12-->src\main\AndroidManifest.xml:6:22-73
13
14    <!-- HMS-SDK引导升级HMS功能，访问OTA服务器需要网络权限 -->
15    <uses-permission android:name="android.permission.INTERNET" /> <!-- 如果是安卓8.0，应用编译配置的targetSdkVersion>=26，请务必添加以下权限 -->
15-->[com.huawei.hms:base:6.1.0.302] AndroidManifest.xml:10:5-67
15-->[com.huawei.hms:base:6.1.0.302] AndroidManifest.xml:10:22-64
16    <uses-permission android:name="android.permission.REQUEST_INSTALL_PACKAGES" /> <!-- 应用市场9.0版本必须使用该权限获取用户的服务地 -->
16-->[com.huawei.hms:availableupdate:6.1.0.302] AndroidManifest.xml:14:5-83
16-->[com.huawei.hms:availableupdate:6.1.0.302] AndroidManifest.xml:14:22-80
17    <uses-permission android:name="com.huawei.appmarket.service.commondata.permission.GET_COMMON_DATA" />
17-->[com.huawei.hms:availableupdate:6.1.0.302] AndroidManifest.xml:16:5-106
17-->[com.huawei.hms:availableupdate:6.1.0.302] AndroidManifest.xml:16:22-103
18
19    <queries>
19-->[com.huawei.hms:availableupdate:6.1.0.302] AndroidManifest.xml:18:5-27:15
20        <intent>
20-->[com.huawei.hms:availableupdate:6.1.0.302] AndroidManifest.xml:19:9-21:18
21            <action android:name="com.apptouch.intent.action.update_hms" />
21-->[com.huawei.hms:availableupdate:6.1.0.302] AndroidManifest.xml:20:13-76
21-->[com.huawei.hms:availableupdate:6.1.0.302] AndroidManifest.xml:20:21-73
22        </intent>
23        <intent>
23-->[com.huawei.hms:availableupdate:6.1.0.302] AndroidManifest.xml:22:9-24:18
24            <action android:name="com.huawei.appmarket.intent.action.AppDetail" />
24-->[com.huawei.hms:availableupdate:6.1.0.302] AndroidManifest.xml:23:13-83
24-->[com.huawei.hms:availableupdate:6.1.0.302] AndroidManifest.xml:23:21-80
25        </intent>
26
27        <package android:name="com.hisilicon.android.hiRMService" />
27-->[com.huawei.hms:availableupdate:6.1.0.302] AndroidManifest.xml:26:9-69
27-->[com.huawei.hms:availableupdate:6.1.0.302] AndroidManifest.xml:26:18-66
28
29        <intent>
29-->[com.huawei.hms:device:6.1.0.302] AndroidManifest.xml:15:9-17:18
30            <action android:name="com.huawei.hms.core.aidlservice" />
30-->[com.huawei.hms:device:6.1.0.302] AndroidManifest.xml:16:13-70
30-->[com.huawei.hms:device:6.1.0.302] AndroidManifest.xml:16:21-67
31        </intent>
32        <intent>
32-->[com.huawei.hms:device:6.1.0.302] AndroidManifest.xml:18:9-20:18
33            <action android:name="com.huawei.hms.core" />
33-->[com.huawei.hms:device:6.1.0.302] AndroidManifest.xml:19:13-58
33-->[com.huawei.hms:device:6.1.0.302] AndroidManifest.xml:19:21-55
34        </intent>
35    </queries>
36
37    <uses-permission android:name="com.huawei.permission.sec.MDM.v2" />
37-->[com.huawei.hms:ads-core:3.4.48.301] AndroidManifest.xml:17:5-72
37-->[com.huawei.hms:ads-core:3.4.48.301] AndroidManifest.xml:17:22-69
38    <uses-permission android:name="android.permission.GET_TASKS" />
38-->[com.huawei.hms:ads-core:3.4.48.301] AndroidManifest.xml:18:5-68
38-->[com.huawei.hms:ads-core:3.4.48.301] AndroidManifest.xml:18:22-65
39    <uses-permission android:name="android.permission.REAL_GET_TASKS" />
39-->[com.huawei.hms:ads-core:3.4.48.301] AndroidManifest.xml:19:5-73
39-->[com.huawei.hms:ads-core:3.4.48.301] AndroidManifest.xml:19:22-70
40    <uses-permission android:name="com.huawei.permission.sec.ACCESS_UDID" />
40-->[com.huawei.hms:ads-core:3.4.48.301] AndroidManifest.xml:20:5-77
40-->[com.huawei.hms:ads-core:3.4.48.301] AndroidManifest.xml:20:22-74
41    <uses-permission android:name="android.permission.BLUETOOTH" />
41-->[com.huawei.hms:ads-core:3.4.48.301] AndroidManifest.xml:21:5-68
41-->[com.huawei.hms:ads-core:3.4.48.301] AndroidManifest.xml:21:22-65
42    <uses-permission android:name="com.huawei.permission.app.DOWNLOAD" />
42-->[com.huawei.hms:ads-core:3.4.48.301] AndroidManifest.xml:22:5-74
42-->[com.huawei.hms:ads-core:3.4.48.301] AndroidManifest.xml:22:22-71
43    <uses-permission android:name="android.permission.CAMERA" />
43-->[com.huawei.hms:ads-core:3.4.48.301] AndroidManifest.xml:23:5-65
43-->[com.huawei.hms:ads-core:3.4.48.301] AndroidManifest.xml:23:22-62
44    <uses-permission android:name="android.permission.READ_CALENDAR" />
44-->[com.huawei.hms:ads-core:3.4.48.301] AndroidManifest.xml:24:5-72
44-->[com.huawei.hms:ads-core:3.4.48.301] AndroidManifest.xml:24:22-69
45    <uses-permission android:name="android.permission.WRITE_CALENDAR" />
45-->[com.huawei.hms:ads-core:3.4.48.301] AndroidManifest.xml:25:5-73
45-->[com.huawei.hms:ads-core:3.4.48.301] AndroidManifest.xml:25:22-70
46    <uses-permission android:name="android.permission.QUERY_ALL_PACKAGES" />
46-->[com.huawei.hms:ads-core:3.4.48.301] AndroidManifest.xml:26:5-77
46-->[com.huawei.hms:ads-core:3.4.48.301] AndroidManifest.xml:26:22-74
47    <uses-permission android:name="com.android.permission.GET_INSTALLED_APPS" />
47-->[com.huawei.hms:ads-core:3.4.48.301] AndroidManifest.xml:27:5-81
47-->[com.huawei.hms:ads-core:3.4.48.301] AndroidManifest.xml:27:22-78
48    <uses-permission android:name="android.permission.BROADCAST_STICKY" />
48-->[com.huawei.hms:ads-splash:13.4.48.301] AndroidManifest.xml:12:5-75
48-->[com.huawei.hms:ads-splash:13.4.48.301] AndroidManifest.xml:12:22-72
49
50    <application
50-->src\main\AndroidManifest.xml:8:5-46:19
51        android:allowBackup="true"
51-->src\main\AndroidManifest.xml:9:9-35
52        android:appComponentFactory="androidx.core.app.CoreComponentFactory"
52-->[androidx.core:core:1.5.0] AndroidManifest.xml:24:18-86
53        android:debuggable="true"
54        android:extractNativeLibs="false"
55        android:icon="@mipmap/ic_launcher"
55-->src\main\AndroidManifest.xml:10:9-43
56        android:label="@string/app_name"
56-->src\main\AndroidManifest.xml:11:9-41
57        android:roundIcon="@mipmap/ic_launcher_round"
57-->src\main\AndroidManifest.xml:12:9-54
58        android:supportsRtl="true"
58-->src\main\AndroidManifest.xml:13:9-35
59        android:testOnly="true"
60        android:theme="@style/Theme.ÔnThiGPLXA1" >
60-->src\main\AndroidManifest.xml:14:9-49
61        <activity
61-->src\main\AndroidManifest.xml:15:9-17:40
62            android:name="hou.duogwas.onthigplxa1.Activity.HoTro"
62-->src\main\AndroidManifest.xml:16:13-43
63            android:exported="false" />
63-->src\main\AndroidManifest.xml:17:13-37
64        <activity
64-->src\main\AndroidManifest.xml:18:9-20:40
65            android:name="hou.duogwas.onthigplxa1.Activity.ThongTinUngDung"
65-->src\main\AndroidManifest.xml:19:13-53
66            android:exported="false" />
66-->src\main\AndroidManifest.xml:20:13-37
67        <activity
67-->src\main\AndroidManifest.xml:21:9-23:40
68            android:name="hou.duogwas.onthigplxa1.Activity.DangKy"
68-->src\main\AndroidManifest.xml:22:13-44
69            android:exported="false" />
69-->src\main\AndroidManifest.xml:23:13-37
70        <activity
70-->src\main\AndroidManifest.xml:24:9-26:40
71            android:name="hou.duogwas.onthigplxa1.Activity.DangNhap"
71-->src\main\AndroidManifest.xml:25:13-46
72            android:exported="false" />
72-->src\main\AndroidManifest.xml:26:13-37
73        <activity
73-->src\main\AndroidManifest.xml:27:9-29:40
74            android:name="hou.duogwas.onthigplxa1.Activity.HocBienBao"
74-->src\main\AndroidManifest.xml:28:13-48
75            android:exported="false" />
75-->src\main\AndroidManifest.xml:29:13-37
76        <activity
76-->src\main\AndroidManifest.xml:30:9-38:20
77            android:name="hou.duogwas.onthigplxa1.Activity.WelcomeActivity"
77-->src\main\AndroidManifest.xml:31:13-53
78            android:exported="true" >
78-->src\main\AndroidManifest.xml:32:13-36
79            <intent-filter>
79-->src\main\AndroidManifest.xml:33:13-37:29
80                <action android:name="android.intent.action.MAIN" />
80-->src\main\AndroidManifest.xml:34:17-69
80-->src\main\AndroidManifest.xml:34:25-66
81
82                <category android:name="android.intent.category.LAUNCHER" />
82-->src\main\AndroidManifest.xml:36:17-77
82-->src\main\AndroidManifest.xml:36:27-74
83            </intent-filter>
84        </activity>
85        <activity
85-->src\main\AndroidManifest.xml:39:9-41:39
86            android:name="hou.duogwas.onthigplxa1.Activity.MainActivity"
86-->src\main\AndroidManifest.xml:40:13-50
87            android:exported="false" />
87-->src\main\AndroidManifest.xml:41:13-37
88
89        <meta-data
89-->src\main\AndroidManifest.xml:43:9-45:57
90            android:name="preloaded_fonts"
90-->src\main\AndroidManifest.xml:44:13-43
91            android:resource="@array/preloaded_fonts" />
91-->src\main\AndroidManifest.xml:45:13-54
92
93        <activity
93-->[com.huawei.hms:hwid:6.1.0.302] AndroidManifest.xml:10:9-16:20
94            android:name="com.huawei.hms.hwid.internal.ui.activity.HwIdSignInHubActivity"
94-->[com.huawei.hms:hwid:6.1.0.302] AndroidManifest.xml:11:13-90
95            android:configChanges="fontScale|uiMode"
95-->[com.huawei.hms:hwid:6.1.0.302] AndroidManifest.xml:12:13-53
96            android:excludeFromRecents="true"
96-->[com.huawei.hms:hwid:6.1.0.302] AndroidManifest.xml:13:13-46
97            android:exported="false"
97-->[com.huawei.hms:hwid:6.1.0.302] AndroidManifest.xml:14:13-37
98            android:theme="@android:style/Theme.Translucent.NoTitleBar" >
98-->[com.huawei.hms:hwid:6.1.0.302] AndroidManifest.xml:15:13-72
99        </activity>
100        <activity
100-->[com.huawei.hms:hwid:6.1.0.302] AndroidManifest.xml:17:9-22:20
101            android:name="com.huawei.hms.account.internal.ui.activity.AccountSignInHubActivity"
101-->[com.huawei.hms:hwid:6.1.0.302] AndroidManifest.xml:18:13-96
102            android:excludeFromRecents="true"
102-->[com.huawei.hms:hwid:6.1.0.302] AndroidManifest.xml:19:13-46
103            android:exported="false"
103-->[com.huawei.hms:hwid:6.1.0.302] AndroidManifest.xml:20:13-37
104            android:theme="@android:style/Theme.Translucent.NoTitleBar" >
104-->[com.huawei.hms:hwid:6.1.0.302] AndroidManifest.xml:21:13-72
105        </activity> <!-- 切记同步修改 HuaweiIdAuthInternalConstant.HMS_SDK_VERSION -->
106        <meta-data
106-->[com.huawei.hms:hwid:6.1.0.302] AndroidManifest.xml:25:9-27:46
107            android:name="com.huawei.hms.client.service.name:hwid"
107-->[com.huawei.hms:hwid:6.1.0.302] AndroidManifest.xml:26:13-67
108            android:value="hwid:6.1.0.300" />
108-->[com.huawei.hms:hwid:6.1.0.302] AndroidManifest.xml:27:13-43
109        <meta-data
109-->[com.huawei.hms:hwid:6.1.0.302] AndroidManifest.xml:28:9-30:33
110            android:name="com.huawei.hms.min_api_level:hwid:hwid"
110-->[com.huawei.hms:hwid:6.1.0.302] AndroidManifest.xml:29:13-66
111            android:value="1" /> <!-- 5.3.0 独立授权依赖的api_level为11 -->
111-->[com.huawei.hms:hwid:6.1.0.302] AndroidManifest.xml:30:13-30
112        <!-- 5.3.0 setCarrierId依赖的api_level为13 -->
113        <meta-data
113-->[com.huawei.hms:hwid:6.1.0.302] AndroidManifest.xml:34:9-36:34
114            android:name="com.huawei.hms.min_api_level:hwid:account"
114-->[com.huawei.hms:hwid:6.1.0.302] AndroidManifest.xml:35:13-69
115            android:value="13" /> <!-- 为后续统计第三方app集成了哪些Kit，因此需要Kit在自己的AndroidManifest.xml文件中定义业务标签元数据 -->
115-->[com.huawei.hms:hwid:6.1.0.302] AndroidManifest.xml:36:13-31
116        <meta-data
116-->[com.huawei.hms:base:6.1.0.302] AndroidManifest.xml:15:9-17:46
117            android:name="com.huawei.hms.client.service.name:base"
117-->[com.huawei.hms:base:6.1.0.302] AndroidManifest.xml:16:13-67
118            android:value="base:6.1.0.302" /> <!-- SDK依赖的HMSCore的最低api level元数据 -->
118-->[com.huawei.hms:base:6.1.0.302] AndroidManifest.xml:17:13-43
119        <meta-data
119-->[com.huawei.hms:base:6.1.0.302] AndroidManifest.xml:20:9-22:33
120            android:name="com.huawei.hms.min_api_level:base:hmscore"
120-->[com.huawei.hms:base:6.1.0.302] AndroidManifest.xml:21:13-69
121            android:value="1" /> <!-- 用于判断是否集成了本lib -->
121-->[com.huawei.hms:base:6.1.0.302] AndroidManifest.xml:22:13-30
122        <meta-data
122-->[com.huawei.hms:availableupdate:6.1.0.302] AndroidManifest.xml:32:9-34:35
123            android:name="availableLoaded"
123-->[com.huawei.hms:availableupdate:6.1.0.302] AndroidManifest.xml:33:13-43
124            android:value="yes" />
124-->[com.huawei.hms:availableupdate:6.1.0.302] AndroidManifest.xml:34:13-32
125
126        <provider
126-->[com.huawei.hms:availableupdate:6.1.0.302] AndroidManifest.xml:36:9-41:20
127            android:name="com.huawei.hms.update.provider.UpdateProvider"
127-->[com.huawei.hms:availableupdate:6.1.0.302] AndroidManifest.xml:37:13-73
128            android:authorities="hou.duogwas.onthigplxa1.hms.update.provider"
128-->[com.huawei.hms:availableupdate:6.1.0.302] AndroidManifest.xml:38:13-71
129            android:exported="false"
129-->[com.huawei.hms:availableupdate:6.1.0.302] AndroidManifest.xml:39:13-37
130            android:grantUriPermissions="true" >
130-->[com.huawei.hms:availableupdate:6.1.0.302] AndroidManifest.xml:40:13-47
131        </provider>
132        <provider
132-->[com.huawei.hms:device:6.1.0.302] AndroidManifest.xml:24:9-28:51
133            android:name="com.huawei.hms.device.provider.CheckHmsProvider"
133-->[com.huawei.hms:device:6.1.0.302] AndroidManifest.xml:25:13-75
134            android:authorities="hou.duogwas.onthigplxa1.hms.device.validate.spoofprovider"
134-->[com.huawei.hms:device:6.1.0.302] AndroidManifest.xml:26:13-85
135            android:exported="false"
135-->[com.huawei.hms:device:6.1.0.302] AndroidManifest.xml:27:13-37
136            android:grantUriPermissions="false" />
136-->[com.huawei.hms:device:6.1.0.302] AndroidManifest.xml:28:13-48
137        <provider
137-->[com.huawei.agconnect:agconnect-core:1.6.0.300] AndroidManifest.xml:11:9-14:40
138            android:name="com.huawei.agconnect.core.provider.AGConnectInitializeProvider"
138-->[com.huawei.agconnect:agconnect-core:1.6.0.300] AndroidManifest.xml:12:13-90
139            android:authorities="hou.duogwas.onthigplxa1.AGCInitializeProvider"
139-->[com.huawei.agconnect:agconnect-core:1.6.0.300] AndroidManifest.xml:13:13-73
140            android:exported="false" />
140-->[com.huawei.agconnect:agconnect-core:1.6.0.300] AndroidManifest.xml:14:13-37
141
142        <service
142-->[com.huawei.agconnect:agconnect-core:1.6.0.300] AndroidManifest.xml:16:9-18:40
143            android:name="com.huawei.agconnect.core.ServiceDiscovery"
143-->[com.huawei.agconnect:agconnect-core:1.6.0.300] AndroidManifest.xml:17:13-70
144            android:exported="false" />
144-->[com.huawei.agconnect:agconnect-core:1.6.0.300] AndroidManifest.xml:18:13-37
145
146        <meta-data
146-->[com.huawei.hms:ads-lite:13.4.48.301] AndroidManifest.xml:13:9-15:52
147            android:name="com.huawei.hms.client.service.name:ads-lite"
147-->[com.huawei.hms:ads-lite:13.4.48.301] AndroidManifest.xml:14:13-71
148            android:value="ads-lite:13.4.48.301" />
148-->[com.huawei.hms:ads-lite:13.4.48.301] AndroidManifest.xml:15:13-49
149        <meta-data
149-->[com.huawei.hms:ads-core:3.4.48.301] AndroidManifest.xml:30:9-32:35
150            android:name="hw.theme_type"
150-->[com.huawei.hms:ads-core:3.4.48.301] AndroidManifest.xml:31:13-41
151            android:value="273" />
151-->[com.huawei.hms:ads-core:3.4.48.301] AndroidManifest.xml:32:13-32
152        <meta-data
152-->[com.huawei.hms:ads-core:3.4.48.301] AndroidManifest.xml:33:9-35:72
153            android:name="permission.reason.android.permission-group.CALENDAR"
153-->[com.huawei.hms:ads-core:3.4.48.301] AndroidManifest.xml:34:13-79
154            android:resource="@string/hiad_calender_description_new" />
154-->[com.huawei.hms:ads-core:3.4.48.301] AndroidManifest.xml:35:13-69
155
156        <uses-library
156-->[com.huawei.hms:ads-core:3.4.48.301] AndroidManifest.xml:37:9-39:40
157            android:name="org.apache.http.legacy"
157-->[com.huawei.hms:ads-core:3.4.48.301] AndroidManifest.xml:38:13-50
158            android:required="false" />
158-->[com.huawei.hms:ads-core:3.4.48.301] AndroidManifest.xml:39:13-37
159
160        <provider
160-->[com.huawei.hms:ads-core:3.4.48.301] AndroidManifest.xml:41:9-45:50
161            android:name="com.huawei.openalliance.ad.ppskit.provider.PPSInstallFileProvider"
161-->[com.huawei.hms:ads-core:3.4.48.301] AndroidManifest.xml:42:13-93
162            android:authorities="hou.duogwas.onthigplxa1.hiad.fileprovider"
162-->[com.huawei.hms:ads-core:3.4.48.301] AndroidManifest.xml:43:13-69
163            android:exported="false"
163-->[com.huawei.hms:ads-core:3.4.48.301] AndroidManifest.xml:44:13-37
164            android:grantUriPermissions="true" />
164-->[com.huawei.hms:ads-core:3.4.48.301] AndroidManifest.xml:45:13-47
165        <provider
165-->[com.huawei.hms:ads-core:3.4.48.301] AndroidManifest.xml:46:9-49:40
166            android:name="com.huawei.openalliance.ad.ppskit.provider.InnerApiProvider"
166-->[com.huawei.hms:ads-core:3.4.48.301] AndroidManifest.xml:47:13-87
167            android:authorities="hou.duogwas.onthigplxa1.pps.innerapiprovider"
167-->[com.huawei.hms:ads-core:3.4.48.301] AndroidManifest.xml:48:13-72
168            android:exported="false" />
168-->[com.huawei.hms:ads-core:3.4.48.301] AndroidManifest.xml:49:13-37
169
170        <service
170-->[com.huawei.hms:ads-core:3.4.48.301] AndroidManifest.xml:51:9-57:19
171            android:name="com.huawei.android.hms.ppskit.PpsCoreService"
171-->[com.huawei.hms:ads-core:3.4.48.301] AndroidManifest.xml:52:13-72
172            android:exported="false" >
172-->[com.huawei.hms:ads-core:3.4.48.301] AndroidManifest.xml:53:13-37
173            <intent-filter>
173-->[com.huawei.hms:ads-core:3.4.48.301] AndroidManifest.xml:54:13-56:29
174                <action android:name="com.huawei.android.hms.ppskit.PPS_API_SERVICE" />
174-->[com.huawei.hms:ads-core:3.4.48.301] AndroidManifest.xml:55:17-88
174-->[com.huawei.hms:ads-core:3.4.48.301] AndroidManifest.xml:55:25-85
175            </intent-filter>
176        </service>
177
178        <activity
178-->[com.huawei.hms:ads-core:3.4.48.301] AndroidManifest.xml:59:9-68:20
179            android:name="com.huawei.openalliance.ad.ppskit.activity.InstallActivity"
179-->[com.huawei.hms:ads-core:3.4.48.301] AndroidManifest.xml:60:13-86
180            android:configChanges="mcc|mnc|keyboard|keyboardHidden|navigation|screenLayout|screenSize|smallestScreenSize|orientation"
180-->[com.huawei.hms:ads-core:3.4.48.301] AndroidManifest.xml:61:13-134
181            android:excludeFromRecents="true"
181-->[com.huawei.hms:ads-core:3.4.48.301] AndroidManifest.xml:62:13-46
182            android:exported="false"
182-->[com.huawei.hms:ads-core:3.4.48.301] AndroidManifest.xml:63:13-37
183            android:theme="@android:style/Theme.Light.NoTitleBar" >
183-->[com.huawei.hms:ads-core:3.4.48.301] AndroidManifest.xml:64:13-66
184            <meta-data
184-->[com.huawei.hms:ads-core:3.4.48.301] AndroidManifest.xml:65:13-67:82
185                android:name="hwc-theme"
185-->[com.huawei.hms:ads-core:3.4.48.301] AndroidManifest.xml:66:17-41
186                android:value="androidhwext:style/Theme.Emui.Light.NoTitleBar" />
186-->[com.huawei.hms:ads-core:3.4.48.301] AndroidManifest.xml:67:17-79
187        </activity>
188        <activity
188-->[com.huawei.hms:ads-core:3.4.48.301] AndroidManifest.xml:69:9-78:20
189            android:name="com.huawei.openalliance.ad.ppskit.activity.HMSSDKInstallActivity"
189-->[com.huawei.hms:ads-core:3.4.48.301] AndroidManifest.xml:70:13-92
190            android:configChanges="mcc|mnc|keyboard|keyboardHidden|navigation|screenLayout|screenSize|smallestScreenSize|orientation"
190-->[com.huawei.hms:ads-core:3.4.48.301] AndroidManifest.xml:71:13-134
191            android:excludeFromRecents="true"
191-->[com.huawei.hms:ads-core:3.4.48.301] AndroidManifest.xml:72:13-46
192            android:exported="false"
192-->[com.huawei.hms:ads-core:3.4.48.301] AndroidManifest.xml:73:13-37
193            android:theme="@android:style/Theme.Light.NoTitleBar" >
193-->[com.huawei.hms:ads-core:3.4.48.301] AndroidManifest.xml:74:13-66
194            <meta-data
194-->[com.huawei.hms:ads-core:3.4.48.301] AndroidManifest.xml:65:13-67:82
195                android:name="hwc-theme"
195-->[com.huawei.hms:ads-core:3.4.48.301] AndroidManifest.xml:66:17-41
196                android:value="androidhwext:style/Theme.Emui.Light.NoTitleBar" />
196-->[com.huawei.hms:ads-core:3.4.48.301] AndroidManifest.xml:67:17-79
197        </activity>
198        <activity
198-->[com.huawei.hms:ads-core:3.4.48.301] AndroidManifest.xml:79:9-94:20
199            android:name="com.huawei.openalliance.ad.ppskit.activity.PPSActivity"
199-->[com.huawei.hms:ads-core:3.4.48.301] AndroidManifest.xml:80:13-82
200            android:configChanges="screenLayout|screenSize|smallestScreenSize|orientation|keyboardHidden"
200-->[com.huawei.hms:ads-core:3.4.48.301] AndroidManifest.xml:81:13-106
201            android:exported="false"
201-->[com.huawei.hms:ads-core:3.4.48.301] AndroidManifest.xml:82:13-37
202            android:label=" "
202-->[com.huawei.hms:ads-core:3.4.48.301] AndroidManifest.xml:83:13-30
203            android:screenOrientation="portrait" >
203-->[com.huawei.hms:ads-core:3.4.48.301] AndroidManifest.xml:84:13-49
204            <intent-filter>
204-->[com.huawei.hms:ads-core:3.4.48.301] AndroidManifest.xml:85:13-89:29
205                <action android:name="com.huawei.hms.pps.action.PPS_DETAIL" />
205-->[com.huawei.hms:ads-core:3.4.48.301] AndroidManifest.xml:86:17-79
205-->[com.huawei.hms:ads-core:3.4.48.301] AndroidManifest.xml:86:25-76
206
207                <category android:name="android.intent.category.DEFAULT" />
207-->[com.huawei.hms:ads-core:3.4.48.301] AndroidManifest.xml:88:17-76
207-->[com.huawei.hms:ads-core:3.4.48.301] AndroidManifest.xml:88:27-73
208            </intent-filter>
209
210            <meta-data
210-->[com.huawei.hms:ads-core:3.4.48.301] AndroidManifest.xml:65:13-67:82
211                android:name="hwc-theme"
211-->[com.huawei.hms:ads-core:3.4.48.301] AndroidManifest.xml:66:17-41
212                android:value="androidhwext:style/Theme.Emui" />
212-->[com.huawei.hms:ads-core:3.4.48.301] AndroidManifest.xml:67:17-79
213        </activity>
214        <activity
214-->[com.huawei.hms:ads-core:3.4.48.301] AndroidManifest.xml:95:9-104:20
215            android:name="com.huawei.openalliance.ad.ppskit.activity.InnerPPSActivity"
215-->[com.huawei.hms:ads-core:3.4.48.301] AndroidManifest.xml:96:13-87
216            android:configChanges="mcc|mnc|keyboard|keyboardHidden|navigation|screenLayout|screenSize|smallestScreenSize|orientation"
216-->[com.huawei.hms:ads-core:3.4.48.301] AndroidManifest.xml:97:13-134
217            android:exported="false"
217-->[com.huawei.hms:ads-core:3.4.48.301] AndroidManifest.xml:98:13-37
218            android:label=" "
218-->[com.huawei.hms:ads-core:3.4.48.301] AndroidManifest.xml:99:13-30
219            android:screenOrientation="portrait" >
219-->[com.huawei.hms:ads-core:3.4.48.301] AndroidManifest.xml:100:13-49
220            <meta-data
220-->[com.huawei.hms:ads-core:3.4.48.301] AndroidManifest.xml:65:13-67:82
221                android:name="hwc-theme"
221-->[com.huawei.hms:ads-core:3.4.48.301] AndroidManifest.xml:66:17-41
222                android:value="androidhwext:style/Theme.Emui" />
222-->[com.huawei.hms:ads-core:3.4.48.301] AndroidManifest.xml:67:17-79
223        </activity>
224        <activity
224-->[com.huawei.hms:ads-core:3.4.48.301] AndroidManifest.xml:105:9-114:20
225            android:name="com.huawei.openalliance.ad.ppskit.activity.InnerPPSArActivity"
225-->[com.huawei.hms:ads-core:3.4.48.301] AndroidManifest.xml:106:13-89
226            android:configChanges="mcc|mnc|keyboard|keyboardHidden|navigation|screenLayout|screenSize|smallestScreenSize|orientation"
226-->[com.huawei.hms:ads-core:3.4.48.301] AndroidManifest.xml:107:13-134
227            android:exported="false"
227-->[com.huawei.hms:ads-core:3.4.48.301] AndroidManifest.xml:108:13-37
228            android:label=" "
228-->[com.huawei.hms:ads-core:3.4.48.301] AndroidManifest.xml:109:13-30
229            android:screenOrientation="portrait" >
229-->[com.huawei.hms:ads-core:3.4.48.301] AndroidManifest.xml:110:13-49
230            <meta-data
230-->[com.huawei.hms:ads-core:3.4.48.301] AndroidManifest.xml:65:13-67:82
231                android:name="hwc-theme"
231-->[com.huawei.hms:ads-core:3.4.48.301] AndroidManifest.xml:66:17-41
232                android:value="androidhwext:style/Theme.Emui" />
232-->[com.huawei.hms:ads-core:3.4.48.301] AndroidManifest.xml:67:17-79
233        </activity>
234        <activity
234-->[com.huawei.hms:ads-core:3.4.48.301] AndroidManifest.xml:115:9-133:20
235            android:name="com.huawei.openalliance.ad.ppskit.activity.PPSRewardActivity"
235-->[com.huawei.hms:ads-core:3.4.48.301] AndroidManifest.xml:116:13-88
236            android:configChanges="mcc|mnc|keyboard|keyboardHidden|navigation|screenLayout|screenSize|smallestScreenSize|orientation|uiMode"
236-->[com.huawei.hms:ads-core:3.4.48.301] AndroidManifest.xml:117:13-141
237            android:exported="false"
237-->[com.huawei.hms:ads-core:3.4.48.301] AndroidManifest.xml:118:13-37
238            android:screenOrientation="behind"
238-->[com.huawei.hms:ads-core:3.4.48.301] AndroidManifest.xml:119:13-47
239            android:theme="@style/HiAdThemeNoActionBarFullScreen" >
239-->[com.huawei.hms:ads-core:3.4.48.301] AndroidManifest.xml:120:13-66
240            <intent-filter>
240-->[com.huawei.hms:ads-core:3.4.48.301] AndroidManifest.xml:121:13-125:29
241                <action android:name="com.huawei.hms.pps.action.PPS_REWARD" />
241-->[com.huawei.hms:ads-core:3.4.48.301] AndroidManifest.xml:122:17-79
241-->[com.huawei.hms:ads-core:3.4.48.301] AndroidManifest.xml:122:25-76
242
243                <category android:name="android.intent.category.DEFAULT" />
243-->[com.huawei.hms:ads-core:3.4.48.301] AndroidManifest.xml:88:17-76
243-->[com.huawei.hms:ads-core:3.4.48.301] AndroidManifest.xml:88:27-73
244            </intent-filter>
245
246            <meta-data
246-->[com.huawei.hms:ads-core:3.4.48.301] AndroidManifest.xml:65:13-67:82
247                android:name="hwc-theme"
247-->[com.huawei.hms:ads-core:3.4.48.301] AndroidManifest.xml:66:17-41
248                android:value="androidhwext:style/Theme.Emui.NoActionBar.Fullscreen" />
248-->[com.huawei.hms:ads-core:3.4.48.301] AndroidManifest.xml:67:17-79
249            <meta-data
249-->[com.huawei.hms:ads-core:3.4.48.301] AndroidManifest.xml:130:13-132:41
250                android:name="android.notch_support"
250-->[com.huawei.hms:ads-core:3.4.48.301] AndroidManifest.xml:131:17-53
251                android:value="false" />
251-->[com.huawei.hms:ads-core:3.4.48.301] AndroidManifest.xml:132:17-38
252        </activity>
253        <activity
253-->[com.huawei.hms:ads-core:3.4.48.301] AndroidManifest.xml:134:9-145:20
254            android:name="com.huawei.openalliance.ad.ppskit.activity.InnerPPSRewardActivity"
254-->[com.huawei.hms:ads-core:3.4.48.301] AndroidManifest.xml:135:13-93
255            android:configChanges="mcc|mnc|keyboard|keyboardHidden|navigation|screenLayout|screenSize|smallestScreenSize|orientation"
255-->[com.huawei.hms:ads-core:3.4.48.301] AndroidManifest.xml:136:13-134
256            android:exported="false"
256-->[com.huawei.hms:ads-core:3.4.48.301] AndroidManifest.xml:137:13-37
257            android:theme="@style/HiAdThemeNoActionBarFullScreen" >
257-->[com.huawei.hms:ads-core:3.4.48.301] AndroidManifest.xml:138:13-66
258            <meta-data
258-->[com.huawei.hms:ads-core:3.4.48.301] AndroidManifest.xml:65:13-67:82
259                android:name="hwc-theme"
259-->[com.huawei.hms:ads-core:3.4.48.301] AndroidManifest.xml:66:17-41
260                android:value="androidhwext:style/Theme.Emui.NoActionBar.Fullscreen" />
260-->[com.huawei.hms:ads-core:3.4.48.301] AndroidManifest.xml:67:17-79
261            <meta-data
261-->[com.huawei.hms:ads-core:3.4.48.301] AndroidManifest.xml:130:13-132:41
262                android:name="android.notch_support"
262-->[com.huawei.hms:ads-core:3.4.48.301] AndroidManifest.xml:131:17-53
263                android:value="false" />
263-->[com.huawei.hms:ads-core:3.4.48.301] AndroidManifest.xml:132:17-38
264        </activity>
265        <activity
265-->[com.huawei.hms:ads-core:3.4.48.301] AndroidManifest.xml:146:9-158:20
266            android:name="com.huawei.openalliance.ad.ppskit.activity.InnerPPSInterstitialAdActivity"
266-->[com.huawei.hms:ads-core:3.4.48.301] AndroidManifest.xml:147:13-101
267            android:configChanges="mcc|mnc|keyboard|keyboardHidden|navigation|screenLayout|screenSize|smallestScreenSize"
267-->[com.huawei.hms:ads-core:3.4.48.301] AndroidManifest.xml:148:13-122
268            android:exported="false"
268-->[com.huawei.hms:ads-core:3.4.48.301] AndroidManifest.xml:149:13-37
269            android:screenOrientation="sensor"
269-->[com.huawei.hms:ads-core:3.4.48.301] AndroidManifest.xml:150:13-47
270            android:theme="@android:style/Theme.Translucent.NoTitleBar.Fullscreen" >
270-->[com.huawei.hms:ads-core:3.4.48.301] AndroidManifest.xml:151:13-83
271            <meta-data
271-->[com.huawei.hms:ads-core:3.4.48.301] AndroidManifest.xml:65:13-67:82
272                android:name="hwc-theme"